
/home/runner/work/exp-z-transform-iiith/exp-z-transform-iiith/experiment/simulation/js/main.js
     3:5    warning  'k' is defined but never used                      no-unused-vars
     4:5    warning  'p' is defined but never used                      no-unused-vars
     5:5    warning  'sigChoice' is defined but never used              no-unused-vars
     6:5    warning  'scaleChoice' is defined but never used            no-unused-vars
     7:5    warning  'delayChoice' is defined but never used            no-unused-vars
     8:5    warning  'boxChoice' is defined but never used              no-unused-vars
     9:5    warning  'yValues' is defined but never used                no-unused-vars
    10:5    warning  'inValues' is defined but never used               no-unused-vars
    15:5    warning  'always' is defined but never used                 no-unused-vars
    17:5    warning  'ROCNum1' is defined but never used                no-unused-vars
    21:5    warning  'num' is assigned a value but never used           no-unused-vars
    22:5    warning  'den' is assigned a value but never used           no-unused-vars
    29:10   warning  'openPart' is defined but never used               no-unused-vars
    45:10   warning  'add_field' is defined but never used              no-unused-vars
    56:10   warning  'remove_field' is defined but never used           no-unused-vars
    65:10   warning  'fourier' is defined but never used                no-unused-vars
    71:19   warning  'math' is not defined                              no-undef
    74:19   warning  'math' is not defined                              no-undef
    74:33   warning  'math' is not defined                              no-undef
    74:59   warning  'math' is not defined                              no-undef
    76:12   warning  'math' is not defined                              no-undef
    78:24   warning  'math' is not defined                              no-undef
    78:39   warning  'math' is not defined                              no-undef
    81:12   warning  'math' is not defined                              no-undef
    83:17   warning  'sum1' is already defined                          no-redeclare
    83:24   warning  'math' is not defined                              no-undef
    83:37   warning  'math' is not defined                              no-undef
    91:10   warning  'invFourier' is defined but never used             no-unused-vars
    97:19   warning  'math' is not defined                              no-undef
   100:19   warning  'math' is not defined                              no-undef
   100:32   warning  'math' is not defined                              no-undef
   100:45   warning  'math' is not defined                              no-undef
   100:96   warning  'math' is not defined                              no-undef
   100:145  warning  'math' is not defined                              no-undef
   100:196  warning  'math' is not defined                              no-undef
   102:12   warning  'math' is not defined                              no-undef
   104:24   warning  'math' is not defined                              no-undef
   104:39   warning  'math' is not defined                              no-undef
   107:12   warning  'math' is not defined                              no-undef
   109:17   warning  'sum1' is already defined                          no-redeclare
   109:24   warning  'math' is not defined                              no-undef
   109:37   warning  'math' is not defined                              no-undef
   117:10   warning  'shift' is defined but never used                  no-unused-vars
   125:13   warning  'i' is already defined                             no-redeclare
   182:18   warning  'math' is not defined                              no-undef
   182:26   warning  'math' is not defined                              no-undef
   196:17   warning  'i' is already defined                             no-redeclare
   198:29   warning  'math' is not defined                              no-undef
   203:13   warning  'a1' is already defined                            no-redeclare
   205:17   warning  'i' is already defined                             no-redeclare
   207:30   warning  'math' is not defined                              no-undef
   207:65   warning  'math' is not defined                              no-undef
   212:13   warning  'a1' is already defined                            no-redeclare
   213:13   warning  'b1' is already defined                            no-redeclare
   215:17   warning  'i' is already defined                             no-redeclare
   217:30   warning  'math' is not defined                              no-undef
   217:65   warning  'math' is not defined                              no-undef
   217:100  warning  'math' is not defined                              no-undef
   225:17   warning  'i' is already defined                             no-redeclare
   232:13   warning  'a1' is already defined                            no-redeclare
   233:17   warning  'i' is already defined                             no-redeclare
   235:29   warning  'math' is not defined                              no-undef
   240:13   warning  'a1' is already defined                            no-redeclare
   241:13   warning  'b1' is already defined                            no-redeclare
   242:17   warning  'i' is already defined                             no-redeclare
   244:30   warning  'math' is not defined                              no-undef
   244:65   warning  'math' is not defined                              no-undef
   249:13   warning  'a1' is already defined                            no-redeclare
   250:13   warning  'b1' is already defined                            no-redeclare
   251:13   warning  'c1' is already defined                            no-redeclare
   252:17   warning  'i' is already defined                             no-redeclare
   254:30   warning  'math' is not defined                              no-undef
   254:65   warning  'math' is not defined                              no-undef
   254:100  warning  'math' is not defined                              no-undef
   260:13   warning  'i' is already defined                             no-redeclare
   265:13   warning  'i' is already defined                             no-redeclare
   269:13   warning  'i' is already defined                             no-redeclare
   343:5    warning  'Plotly' is not defined                            no-undef
   354:13   warning  'update' is already defined                        no-redeclare
   360:5    warning  'Plotly' is not defined                            no-undef
   361:5    warning  'Plotly' is not defined                            no-undef
   365:13   warning  'update' is already defined                        no-redeclare
   372:13   warning  'update' is already defined                        no-redeclare
   378:5    warning  'Plotly' is not defined                            no-undef
   404:10   warning  'poleZero' is defined but never used               no-unused-vars
   456:18   warning  'math' is not defined                              no-undef
   456:26   warning  'math' is not defined                              no-undef
   470:17   warning  'i' is already defined                             no-redeclare
   472:29   warning  'math' is not defined                              no-undef
   477:13   warning  'a1' is already defined                            no-redeclare
   479:17   warning  'i' is already defined                             no-redeclare
   481:30   warning  'math' is not defined                              no-undef
   481:65   warning  'math' is not defined                              no-undef
   486:13   warning  'a1' is already defined                            no-redeclare
   487:13   warning  'b1' is already defined                            no-redeclare
   489:17   warning  'i' is already defined                             no-redeclare
   491:30   warning  'math' is not defined                              no-undef
   491:65   warning  'math' is not defined                              no-undef
   491:100  warning  'math' is not defined                              no-undef
   499:17   warning  'i' is already defined                             no-redeclare
   506:13   warning  'a1' is already defined                            no-redeclare
   507:17   warning  'i' is already defined                             no-redeclare
   509:29   warning  'math' is not defined                              no-undef
   514:13   warning  'a1' is already defined                            no-redeclare
   515:13   warning  'b1' is already defined                            no-redeclare
   516:17   warning  'i' is already defined                             no-redeclare
   518:30   warning  'math' is not defined                              no-undef
   518:65   warning  'math' is not defined                              no-undef
   523:13   warning  'a1' is already defined                            no-redeclare
   524:13   warning  'b1' is already defined                            no-redeclare
   525:13   warning  'c1' is already defined                            no-redeclare
   526:17   warning  'i' is already defined                             no-redeclare
   528:30   warning  'math' is not defined                              no-undef
   528:65   warning  'math' is not defined                              no-undef
   528:100  warning  'math' is not defined                              no-undef
   534:13   warning  'i' is already defined                             no-redeclare
   539:13   warning  'i' is already defined                             no-redeclare
   543:13   warning  'i' is already defined                             no-redeclare
   616:5    warning  'Plotly' is not defined                            no-undef
   627:13   warning  'update' is already defined                        no-redeclare
   633:5    warning  'Plotly' is not defined                            no-undef
   634:5    warning  'Plotly' is not defined                            no-undef
   638:13   warning  'update' is already defined                        no-redeclare
   645:13   warning  'update' is already defined                        no-redeclare
   651:5    warning  'Plotly' is not defined                            no-undef
   720:13   warning  'o' is already defined                             no-redeclare
   870:13   warning  'i' is already defined                             no-redeclare
   927:5    warning  'Plotly' is not defined                            no-undef
   938:13   warning  'update' is already defined                        no-redeclare
   944:5    warning  'Plotly' is not defined                            no-undef
   965:10   warning  'ROCNumber' is defined but never used              no-unused-vars
   988:13   warning  'element' is already defined                       no-redeclare
   992:13   warning  'x' is already defined                             no-redeclare
  1055:10   warning  'ROCList' is defined but never used                no-unused-vars
  1073:13   warning  'i' is already defined                             no-redeclare
  1094:13   warning  'i' is already defined                             no-redeclare
  1113:13   warning  'i' is already defined                             no-redeclare
  1124:13   warning  'element' is already defined                       no-redeclare
  1131:13   warning  'element' is already defined                       no-redeclare
  1342:32   warning  'pltn' is assigned a value but never used          no-unused-vars
  1342:43   warning  'pltd' is assigned a value but never used          no-unused-vars
  1343:22   warning  'math' is not defined                              no-undef
  1343:30   warning  'math' is not defined                              no-undef
  1345:13   warning  'numeratorR' is assigned a value but never used    no-unused-vars
  1346:13   warning  'numeratorI' is assigned a value but never used    no-unused-vars
  1347:13   warning  'denominatorR' is assigned a value but never used  no-unused-vars
  1348:13   warning  'denominatorI' is assigned a value but never used  no-unused-vars
  1358:21   warning  'i' is already defined                             no-redeclare
  1367:21   warning  'i' is already defined                             no-redeclare
  1376:21   warning  'i' is already defined                             no-redeclare
  1385:21   warning  'i' is already defined                             no-redeclare
  1394:21   warning  'i' is already defined                             no-redeclare
  1405:21   warning  'i' is already defined                             no-redeclare
  1416:21   warning  'i' is already defined                             no-redeclare
  1427:21   warning  'i' is already defined                             no-redeclare
  1429:96   warning  'cos' is not defined                               no-undef
  1436:21   warning  'i' is already defined                             no-redeclare
  1438:97   warning  'cos' is not defined                               no-undef
  1447:21   warning  'i' is already defined                             no-redeclare
  1449:97   warning  'cos' is not defined                               no-undef
  1458:21   warning  'i' is already defined                             no-redeclare
  1460:97   warning  'cos' is not defined                               no-undef
  1469:21   warning  'i' is already defined                             no-redeclare
  1478:21   warning  'i' is already defined                             no-redeclare
  1489:21   warning  'i' is already defined                             no-redeclare
  1500:21   warning  'i' is already defined                             no-redeclare
  1579:9    warning  'Plotly' is not defined                            no-undef
  1590:17   warning  'update' is already defined                        no-redeclare
  1596:9    warning  'Plotly' is not defined                            no-undef
  1597:9    warning  'Plotly' is not defined                            no-undef
  1601:17   warning  'update' is already defined                        no-redeclare
  1608:17   warning  'update' is already defined                        no-redeclare
  1614:9    warning  'Plotly' is not defined                            no-undef
  1645:10   warning  'poleZeroI' is defined but never used              no-unused-vars
  1659:28   warning  'pltn' is assigned a value but never used          no-unused-vars
  1659:39   warning  'pltd' is assigned a value but never used          no-unused-vars
  1660:18   warning  'math' is not defined                              no-undef
  1660:26   warning  'math' is not defined                              no-undef
  1671:17   warning  'i' is already defined                             no-redeclare
  1680:17   warning  'i' is already defined                             no-redeclare
  1689:17   warning  'i' is already defined                             no-redeclare
  1698:17   warning  'i' is already defined                             no-redeclare
  1707:17   warning  'i' is already defined                             no-redeclare
  1718:17   warning  'i' is already defined                             no-redeclare
  1729:17   warning  'i' is already defined                             no-redeclare
  1740:17   warning  'i' is already defined                             no-redeclare
  1749:17   warning  'i' is already defined                             no-redeclare
  1760:17   warning  'i' is already defined                             no-redeclare
  1771:17   warning  'i' is already defined                             no-redeclare
  1782:17   warning  'i' is already defined                             no-redeclare
  1791:17   warning  'i' is already defined                             no-redeclare
  1802:17   warning  'i' is already defined                             no-redeclare
  1813:17   warning  'i' is already defined                             no-redeclare
  1891:5    warning  'Plotly' is not defined                            no-undef
  1902:13   warning  'update' is already defined                        no-redeclare
  1908:5    warning  'Plotly' is not defined                            no-undef
  1909:5    warning  'Plotly' is not defined                            no-undef
  1913:13   warning  'update' is already defined                        no-redeclare
  1920:13   warning  'update' is already defined                        no-redeclare
  1926:5    warning  'Plotly' is not defined                            no-undef
  1958:10   warning  'add_field1' is defined but never used             no-unused-vars
  1969:10   warning  'remove_field1' is defined but never used          no-unused-vars
  1979:10   warning  'stabilityInit' is defined but never used          no-unused-vars
  2128:13   warning  'i' is already defined                             no-redeclare
  2185:5    warning  'Plotly' is not defined                            no-undef
  2196:13   warning  'update' is already defined                        no-redeclare
  2202:5    warning  'Plotly' is not defined                            no-undef
  2205:13   warning  'i' is already defined                             no-redeclare
  2220:17   warning  'left' is already defined                          no-redeclare
  2229:17   warning  'left' is already defined                          no-redeclare
  2230:17   warning  'right' is already defined                         no-redeclare
  2242:44   warning  Unnecessary escape character: \p                   no-useless-escape
  2245:10   warning  'stabilityCheck' is defined but never used         no-unused-vars
  2261:13   warning  'element' is already defined                       no-redeclare
  2268:13   warning  'element' is already defined                       no-redeclare
  2275:13   warning  'element' is already defined                       no-redeclare
  2299:13   warning  'element' is already defined                       no-redeclare
  2336:5    warning  'Plotly' is not defined                            no-undef
  2347:13   warning  'update' is already defined                        no-redeclare
  2353:5    warning  'Plotly' is not defined                            no-undef
  2356:10   warning  'filterCheck' is defined but never used            no-unused-vars
  2370:28   warning  'pltn' is assigned a value but never used          no-unused-vars
  2370:39   warning  'pltd' is assigned a value but never used          no-unused-vars
  2371:18   warning  'math' is not defined                              no-undef
  2371:26   warning  'math' is not defined                              no-undef
  2382:17   warning  'i' is already defined                             no-redeclare
  2391:17   warning  'i' is already defined                             no-redeclare
  2400:17   warning  'i' is already defined                             no-redeclare
  2409:17   warning  'i' is already defined                             no-redeclare
  2418:17   warning  'i' is already defined                             no-redeclare
  2429:17   warning  'i' is already defined                             no-redeclare
  2440:17   warning  'i' is already defined                             no-redeclare
  2451:17   warning  'i' is already defined                             no-redeclare
  2460:17   warning  'i' is already defined                             no-redeclare
  2471:17   warning  'i' is already defined                             no-redeclare
  2482:17   warning  'i' is already defined                             no-redeclare
  2493:17   warning  'i' is already defined                             no-redeclare
  2502:17   warning  'i' is already defined                             no-redeclare
  2513:17   warning  'i' is already defined                             no-redeclare
  2524:17   warning  'i' is already defined                             no-redeclare
  2534:9    warning  'lp' is assigned a value but never used            no-unused-vars
  2535:9    warning  'hp' is assigned a value but never used            no-unused-vars
  2551:17   warning  'element' is already defined                       no-redeclare
  2561:17   warning  'element' is already defined                       no-redeclare
  2568:17   warning  'element' is already defined                       no-redeclare
  2596:5    warning  'Plotly' is not defined                            no-undef
  2607:13   warning  'update' is already defined                        no-redeclare
  2613:5    warning  'Plotly' is not defined                            no-undef

✖ 248 problems (0 errors, 248 warnings)

